#
# A fatal error has been detected by the Java Runtime Environment:
#
#  EXCEPTION_ACCESS_VIOLATION (0xc0000005) at pc=0x00007ffa7fc9ee03, pid=26920, tid=13084
#
# JRE version: Java(TM) SE Runtime Environment (15.0.1+9) (build 15.0.1+9-18)
# Java VM: Java HotSpot(TM) 64-Bit Server VM (15.0.1+9-18, mixed mode, sharing, tiered, compressed oops, g1 gc, windows-amd64)
# Problematic frame:
# V  [jvm.dll+0x2fee03]
#
# No core dump will be written. Minidumps are not enabled by default on client versions of Windows
#
# If you would like to submit a bug report, please visit:
#   https://bugreport.java.com/bugreport/crash.jsp
#

---------------  S U M M A R Y ------------

Command Line: -XX:+ShowCodeDetailsInExceptionMessages -agentlib:jdwp=transport=dt_socket,suspend=y,address=localhost:64315 -javaagent:C:\Users\aljaz\eclipse\java-2020-09\eclipse\configuration\org.eclipse.osgi\1087\0\.cp\lib\javaagent-shaded.jar -Dfile.encoding=Cp1252 mrX_maven_run.Hunt

Host: Intel(R) Core(TM) i5-8250U CPU @ 1.60GHz, 8 cores, 7G,  Windows 10 , 64 bit Build 19041 (10.0.19041.1023)
Time: Sun Aug  1 21:58:40 2021 W. Europe Daylight Time elapsed time: 495.573954 seconds (0d 0h 8m 15s)

---------------  T H R E A D  ---------------

Current thread (0x0000024e7b6460a0):  JavaThread "JDWP Transport Listener: dt_socket" daemon [_thread_in_vm, id=13084, stack(0x000000a6f8600000,0x000000a6f8700000)] _threads_hazard_ptr=0x0000024e7be661c0

Stack: [0x000000a6f8600000,0x000000a6f8700000],  sp=0x000000a6f86fe990,  free space=1018k
Native frames: (J=compiled Java code, j=interpreted, Vv=VM code, C=native code)
V  [jvm.dll+0x2fee03]
V  [jvm.dll+0x302c42]
V  [jvm.dll+0x30305f]
V  [jvm.dll+0x2ff236]
V  [jvm.dll+0x619c80]
V  [jvm.dll+0x619963]
V  [jvm.dll+0x5df038]
V  [jvm.dll+0x7783ef]
V  [jvm.dll+0x4f04b1]
V  [jvm.dll+0x787e95]
V  [jvm.dll+0x4d430a]
V  [jvm.dll+0x49548b]
C  [jdwp.dll+0x7f79]


siginfo: EXCEPTION_ACCESS_VIOLATION (0xc0000005), reading address 0xffffffffffffffff


Register to memory mapping:

RIP=0x00007ffa7fc9ee03 jvm.dll
RAX=0x0000024e7b4980d0 points into unknown readable memory: 0x0000200000000001 | 01 00 00 00 00 20 00 00
RBX=0x000000a6f86feb60 is pointing into the stack for thread: 0x0000024e7b6460a0
RCX=0x000000a6f86febd0 is pointing into the stack for thread: 0x0000024e7b6460a0
RDX=0xffffffffffffd02d is an unknown value
RSP=0x000000a6f86fe990 is pointing into the stack for thread: 0x0000024e7b6460a0
RBP=0x00007ffa7fc9ede0 jvm.dll
RSI=0x0 is NULL
RDI=0x000000a6f86feb60 is pointing into the stack for thread: 0x0000024e7b6460a0
R8 =0x03ffffffffffff40 is an unknown value
R9 =0x000000000000002d is an unknown value
R10=0x00007ffa7f9a0000 jvm.dll
R11=0x0000024e7b4980d0 points into unknown readable memory: 0x0000200000000001 | 01 00 00 00 00 20 00 00
R12=0x00000000000083b0 is an unknown value
R13=0x0000000000000001 is an unknown value
R14=0x0000000000000592 is an unknown value
R15=0x0000024e7aefa5f8 is pointing into metadata


Registers:
RAX=0x0000024e7b4980d0, RBX=0x000000a6f86feb60, RCX=0x000000a6f86febd0, RDX=0xffffffffffffd02d
RSP=0x000000a6f86fe990, RBP=0x00007ffa7fc9ede0, RSI=0x0000000000000000, RDI=0x000000a6f86feb60
R8 =0x03ffffffffffff40, R9 =0x000000000000002d, R10=0x00007ffa7f9a0000, R11=0x0000024e7b4980d0
R12=0x00000000000083b0, R13=0x0000000000000001, R14=0x0000000000000592, R15=0x0000024e7aefa5f8
RIP=0x00007ffa7fc9ee03, EFLAGS=0x0000000000010a03

Top of Stack: (sp=0x000000a6f86fe990)
0x000000a6f86fe990:   000000008a4b9bf8 000000000000000e
0x000000a6f86fe9a0:   0000000000000000 00007ffa7fcb4644
0x000000a6f86fe9b0:   000000a6f86fea30 00007ffa7fca2c42
0x000000a6f86fe9c0:   000000a6f86fea30 0000024e7b4fc4e0
0x000000a6f86fe9d0:   000000a6f86fea30 00007ffa7faa9cfe
0x000000a6f86fe9e0:   0000024e7aefaf38 00000000000000b8
0x000000a6f86fe9f0:   0000024e7aefabc2 00000000000000a1
0x000000a6f86fea00:   00000000000000a1 00007ffa7fca305f
0x000000a6f86fea10:   000000a6f86feb60 000000a6f86fea60
0x000000a6f86fea20:   0000000000000592 000000a6f86fea60
0x000000a6f86fea30:   0000024e7aefaf38 0000024e7b6460a0
0x000000a6f86fea40:   0000059500000592 000000a100000596
0x000000a6f86fea50:   0000059600000000 ffffffff000000a1
0x000000a6f86fea60:   0000000000000000 00000000000003d8
0x000000a6f86fea70:   00000000000083b0 0000024e7b498080
0x000000a6f86fea80:   0000024e7b6460a0 00007ffa7fc9f236 

Instructions: (pc=0x00007ffa7fc9ee03)
0x00007ffa7fc9ed03:   f8 4c 63 fa 4c 8b f1 48 85 db 74 12 90 39 3b 0f
0x00007ffa7fc9ed13:   84 9b 00 00 00 48 8b 5b 10 48 85 db 75 ef 33 d2
0x00007ffa7fc9ed23:   8d 4a 18 e8 75 3a 38 00 48 8b d8 48 85 c0 74 79
0x00007ffa7fc9ed33:   33 d2 48 89 6c 24 48 49 8b 2e 48 89 74 24 50 89
0x00007ffa7fc9ed43:   38 8d 4a 20 e8 54 3a 38 00 33 ff 48 8b f0 48 85
0x00007ffa7fc9ed53:   c0 74 3f 8b 0d 6c dc 6f 00 8d 57 08 89 48 04 48
0x00007ffa7fc9ed63:   8b c8 89 38 c7 40 10 08 00 00 00 48 89 78 08 e8
0x00007ffa7fc9ed73:   e9 51 01 00 48 89 46 18 39 7e 04 7e 18 48 8b 46
0x00007ffa7fc9ed83:   18 33 d2 8b cf ff c7 48 89 14 c8 3b 7e 04 7c ed
0x00007ffa7fc9ed93:   eb 03 48 8b f7 48 89 73 08 48 8b 74 24 50 48 89
0x00007ffa7fc9eda3:   6b 10 48 8b 6c 24 48 eb 04 33 ff 8b df 49 89 1e
0x00007ffa7fc9edb3:   48 8b 4b 08 48 8d 54 24 40 4c 89 7c 24 40 e8 7a
0x00007ffa7fc9edc3:   45 da ff 48 8b 5c 24 58 48 83 c4 20 41 5f 41 5e
0x00007ffa7fc9edd3:   5f c3 cc cc cc cc cc cc cc cc cc cc cc 40 53 48
0x00007ffa7fc9ede3:   83 ec 20 48 63 d2 48 8b d9 0f b6 c2 48 83 c1 70
0x00007ffa7fc9edf3:   24 3f 4c 8b c2 44 0f b6 c8 49 c1 e8 06 48 8b 01
0x00007ffa7fc9ee03:   4e 8b 04 c0 4d 0f a3 c8 72 0b 41 b0 01 e8 bb 7a
0x00007ffa7fc9ee13:   df ff ff 43 6c 48 83 c4 20 5b c3 cc cc 8b c2 4c
0x00007ffa7fc9ee23:   8b d1 41 33 c0 a9 00 00 00 f0 0f 84 ca 00 00 00
0x00007ffa7fc9ee33:   44 8b ca 8b c2 41 c1 e9 1d b9 72 00 00 00 41 80
0x00007ffa7fc9ee43:   e1 01 c1 e8 1e 44 8d 59 ae a8 01 74 1a 45 84 c9
0x00007ffa7fc9ee53:   75 0d c1 ea 1c f6 c2 01 75 05 44 8b c9 eb 35 41
0x00007ffa7fc9ee63:   b9 23 00 00 00 eb 2d 45 84 c9 74 08 41 b9 76 00
0x00007ffa7fc9ee73:   00 00 eb 20 8b c2 c1 e8 1c a8 01 74 08 41 b9 70
0x00007ffa7fc9ee83:   00 00 00 eb 0f c1 ea 1f 41 b9 40 00 00 00 84 d2
0x00007ffa7fc9ee93:   45 0f 45 cb 41 8b d0 41 8b c0 c1 ea 1d 80 e2 01
0x00007ffa7fc9eea3:   c1 e8 1e a8 01 74 15 84 d2 75 0a 41 c1 e8 1c 41
0x00007ffa7fc9eeb3:   f6 c0 01 74 33 b9 23 00 00 00 eb 2c 84 d2 74 07
0x00007ffa7fc9eec3:   b9 76 00 00 00 eb 21 41 8b c0 c1 e8 1c a8 01 74
0x00007ffa7fc9eed3:   07 b9 70 00 00 00 eb 10 41 c1 e8 1f b9 40 00 00
0x00007ffa7fc9eee3:   00 45 84 c0 41 0f 45 cb 44 8b c1 48 8d 15 83 00
0x00007ffa7fc9eef3:   59 00 49 8b ca e9 b3 56 00 00 c3 cc cc 40 53 48 


Stack slot to memory mapping:
stack at sp + 0 slots: 0x000000008a4b9bf8 is an oop: [Ljava.lang.Object; 
{0x000000008a4b9bf8} - klass: 'java/lang/Object'[]
 - length: 14
stack at sp + 1 slots: 0x000000000000000e is an unknown value
stack at sp + 2 slots: 0x0 is NULL
stack at sp + 3 slots: 0x00007ffa7fcb4644 jvm.dll
stack at sp + 4 slots: 0x000000a6f86fea30 is pointing into the stack for thread: 0x0000024e7b6460a0
stack at sp + 5 slots: 0x00007ffa7fca2c42 jvm.dll
stack at sp + 6 slots: 0x000000a6f86fea30 is pointing into the stack for thread: 0x0000024e7b6460a0
stack at sp + 7 slots: 0x0000024e7b4fc4e0 points into unknown readable memory: 0x0000000000000000 | 00 00 00 00 00 00 00 00


---------------  P R O C E S S  ---------------

Threads class SMR info:
_java_thread_list=0x0000024e7be661c0, length=14, elements={
0x0000024e5c01b780, 0x0000024e7aa69690, 0x0000024e7aa6a260, 0x0000024e7aa84850,
0x0000024e7aa87220, 0x0000024e7aa87cd0, 0x0000024e7aa8af70, 0x0000024e7aa8f620,
0x0000024e7aa91920, 0x0000024e7b4af5a0, 0x0000024e7b6460a0, 0x0000024e7b562be0,
0x0000024e7b5630d0, 0x0000024e7b6ddec0
}

Java Threads: ( => current thread )
  0x0000024e5c01b780 JavaThread "main" [_thread_blocked, id=18260, stack(0x000000a6f7600000,0x000000a6f7700000)]
  0x0000024e7aa69690 JavaThread "Reference Handler" daemon [_thread_blocked, id=3912, stack(0x000000a6f7d00000,0x000000a6f7e00000)]
  0x0000024e7aa6a260 JavaThread "Finalizer" daemon [_thread_blocked, id=15132, stack(0x000000a6f7e00000,0x000000a6f7f00000)]
  0x0000024e7aa84850 JavaThread "Signal Dispatcher" daemon [_thread_blocked, id=23856, stack(0x000000a6f7f00000,0x000000a6f8000000)]
  0x0000024e7aa87220 JavaThread "Attach Listener" daemon [_thread_blocked, id=5284, stack(0x000000a6f8000000,0x000000a6f8100000)]
  0x0000024e7aa87cd0 JavaThread "Service Thread" daemon [_thread_blocked, id=24036, stack(0x000000a6f8100000,0x000000a6f8200000)]
  0x0000024e7aa8af70 JavaThread "C2 CompilerThread0" daemon [_thread_blocked, id=29648, stack(0x000000a6f8200000,0x000000a6f8300000)]
  0x0000024e7aa8f620 JavaThread "C1 CompilerThread0" daemon [_thread_blocked, id=11716, stack(0x000000a6f8300000,0x000000a6f8400000)]
  0x0000024e7aa91920 JavaThread "Sweeper thread" daemon [_thread_blocked, id=29796, stack(0x000000a6f8400000,0x000000a6f8500000)]
  0x0000024e7b4af5a0 JavaThread "Common-Cleaner" daemon [_thread_blocked, id=31132, stack(0x000000a6f8500000,0x000000a6f8600000)]
=>0x0000024e7b6460a0 JavaThread "JDWP Transport Listener: dt_socket" daemon [_thread_in_vm, id=13084, stack(0x000000a6f8600000,0x000000a6f8700000)]
  0x0000024e7b562be0 JavaThread "JDWP Event Helper Thread" daemon [_thread_blocked, id=15312, stack(0x000000a6f8700000,0x000000a6f8800000)]
  0x0000024e7b5630d0 JavaThread "JDWP Command Reader" daemon [_thread_in_native, id=3820, stack(0x000000a6f8800000,0x000000a6f8900000)]
  0x0000024e7b6ddec0 JavaThread "Notification Thread" daemon [_thread_blocked, id=3916, stack(0x000000a6f8900000,0x000000a6f8a00000)]

Other Threads:
  0x0000024e7aa63e00 VMThread "VM Thread" [stack: 0x000000a6f7c00000,0x000000a6f7d00000] [id=27276]
  0x0000024e7b6de390 WatcherThread [stack: 0x000000a6f8a00000,0x000000a6f8b00000] [id=7760]
  0x0000024e5c054f90 GCTaskThread "GC Thread#0" [stack: 0x000000a6f7700000,0x000000a6f7800000] [id=21860]
  0x0000024e5c065be0 ConcurrentGCThread "G1 Main Marker" [stack: 0x000000a6f7800000,0x000000a6f7900000] [id=9380]
  0x0000024e5c066f70 ConcurrentGCThread "G1 Conc#0" [stack: 0x000000a6f7900000,0x000000a6f7a00000] [id=27120]
  0x0000024e7a8e20c0 ConcurrentGCThread "G1 Refine#0" [stack: 0x000000a6f7a00000,0x000000a6f7b00000] [id=30172]
  0x0000024e7a8e2cc0 ConcurrentGCThread "G1 Young RemSet Sampling" [stack: 0x000000a6f7b00000,0x000000a6f7c00000] [id=10368]

Threads with active compile tasks:

VM state: not at safepoint (normal execution)

VM Mutex/Monitor currently owned by a thread: None

Heap address: 0x0000000082800000, size: 2008 MB, Compressed Oops mode: 32-bit
CDS archive(s) mapped at: [0x0000000800000000-0x0000000800b50000-0x0000000800b50000), size 11862016, SharedBaseAddress: 0x0000000800000000, ArchiveRelocationMode: 0.
Compressed class space mapped at: 0x0000000800b50000-0x0000000840b50000, size: 1073741824
Narrow klass base: 0x0000000800000000, Narrow klass shift: 3, Narrow klass range: 0x100000000

GC Precious Log:
 CPUs: 8 total, 8 available
 Memory: 8025M
 Large Page Support: Disabled
 NUMA Support: Disabled
 Compressed Oops: Enabled (32-bit)
 Heap Region Size: 1M
 Heap Min Capacity: 8M
 Heap Initial Capacity: 126M
 Heap Max Capacity: 2008M
 Pre-touch: Disabled
 Parallel Workers: 8
 Concurrent Workers: 2
 Concurrent Refinement Workers: 8
 Periodic GC: Disabled

Heap:
 garbage-first heap   total 129024K, used 17408K [0x0000000082800000, 0x0000000100000000)
  region size 1024K, 19 young (19456K), 0 survivors (0K)
 Metaspace       used 6093K, capacity 6280K, committed 6528K, reserved 1056768K
  class space    used 581K, capacity 618K, committed 640K, reserved 1048576K

Heap Regions: E=young(eden), S=young(survivor), O=old, HS=humongous(starts), HC=humongous(continues), CS=collection set, F=free, OA=open archive, CA=closed archive, TAMS=top-at-mark-start (previous, next)
|   0|0x0000000082800000, 0x0000000082800000, 0x0000000082900000|  0%| F|  |TAMS 0x0000000082800000, 0x0000000082800000| Untracked 
|   1|0x0000000082900000, 0x0000000082900000, 0x0000000082a00000|  0%| F|  |TAMS 0x0000000082900000, 0x0000000082900000| Untracked 
|   2|0x0000000082a00000, 0x0000000082a00000, 0x0000000082b00000|  0%| F|  |TAMS 0x0000000082a00000, 0x0000000082a00000| Untracked 
|   3|0x0000000082b00000, 0x0000000082b00000, 0x0000000082c00000|  0%| F|  |TAMS 0x0000000082b00000, 0x0000000082b00000| Untracked 
|   4|0x0000000082c00000, 0x0000000082c00000, 0x0000000082d00000|  0%| F|  |TAMS 0x0000000082c00000, 0x0000000082c00000| Untracked 
|   5|0x0000000082d00000, 0x0000000082d00000, 0x0000000082e00000|  0%| F|  |TAMS 0x0000000082d00000, 0x0000000082d00000| Untracked 
|   6|0x0000000082e00000, 0x0000000082e00000, 0x0000000082f00000|  0%| F|  |TAMS 0x0000000082e00000, 0x0000000082e00000| Untracked 
|   7|0x0000000082f00000, 0x0000000082f00000, 0x0000000083000000|  0%| F|  |TAMS 0x0000000082f00000, 0x0000000082f00000| Untracked 
|   8|0x0000000083000000, 0x0000000083000000, 0x0000000083100000|  0%| F|  |TAMS 0x0000000083000000, 0x0000000083000000| Untracked 
|   9|0x0000000083100000, 0x0000000083100000, 0x0000000083200000|  0%| F|  |TAMS 0x0000000083100000, 0x0000000083100000| Untracked 
|  10|0x0000000083200000, 0x0000000083200000, 0x0000000083300000|  0%| F|  |TAMS 0x0000000083200000, 0x0000000083200000| Untracked 
|  11|0x0000000083300000, 0x0000000083300000, 0x0000000083400000|  0%| F|  |TAMS 0x0000000083300000, 0x0000000083300000| Untracked 
|  12|0x0000000083400000, 0x0000000083400000, 0x0000000083500000|  0%| F|  |TAMS 0x0000000083400000, 0x0000000083400000| Untracked 
|  13|0x0000000083500000, 0x0000000083500000, 0x0000000083600000|  0%| F|  |TAMS 0x0000000083500000, 0x0000000083500000| Untracked 
|  14|0x0000000083600000, 0x0000000083600000, 0x0000000083700000|  0%| F|  |TAMS 0x0000000083600000, 0x0000000083600000| Untracked 
|  15|0x0000000083700000, 0x0000000083700000, 0x0000000083800000|  0%| F|  |TAMS 0x0000000083700000, 0x0000000083700000| Untracked 
|  16|0x0000000083800000, 0x0000000083800000, 0x0000000083900000|  0%| F|  |TAMS 0x0000000083800000, 0x0000000083800000| Untracked 
|  17|0x0000000083900000, 0x0000000083900000, 0x0000000083a00000|  0%| F|  |TAMS 0x0000000083900000, 0x0000000083900000| Untracked 
|  18|0x0000000083a00000, 0x0000000083a00000, 0x0000000083b00000|  0%| F|  |TAMS 0x0000000083a00000, 0x0000000083a00000| Untracked 
|  19|0x0000000083b00000, 0x0000000083b00000, 0x0000000083c00000|  0%| F|  |TAMS 0x0000000083b00000, 0x0000000083b00000| Untracked 
|  20|0x0000000083c00000, 0x0000000083c00000, 0x0000000083d00000|  0%| F|  |TAMS 0x0000000083c00000, 0x0000000083c00000| Untracked 
|  21|0x0000000083d00000, 0x0000000083d00000, 0x0000000083e00000|  0%| F|  |TAMS 0x0000000083d00000, 0x0000000083d00000| Untracked 
|  22|0x0000000083e00000, 0x0000000083e00000, 0x0000000083f00000|  0%| F|  |TAMS 0x0000000083e00000, 0x0000000083e00000| Untracked 
|  23|0x0000000083f00000, 0x0000000083f00000, 0x0000000084000000|  0%| F|  |TAMS 0x0000000083f00000, 0x0000000083f00000| Untracked 
|  24|0x0000000084000000, 0x0000000084000000, 0x0000000084100000|  0%| F|  |TAMS 0x0000000084000000, 0x0000000084000000| Untracked 
|  25|0x0000000084100000, 0x0000000084100000, 0x0000000084200000|  0%| F|  |TAMS 0x0000000084100000, 0x0000000084100000| Untracked 
|  26|0x0000000084200000, 0x0000000084200000, 0x0000000084300000|  0%| F|  |TAMS 0x0000000084200000, 0x0000000084200000| Untracked 
|  27|0x0000000084300000, 0x0000000084300000, 0x0000000084400000|  0%| F|  |TAMS 0x0000000084300000, 0x0000000084300000| Untracked 
|  28|0x0000000084400000, 0x0000000084400000, 0x0000000084500000|  0%| F|  |TAMS 0x0000000084400000, 0x0000000084400000| Untracked 
|  29|0x0000000084500000, 0x0000000084500000, 0x0000000084600000|  0%| F|  |TAMS 0x0000000084500000, 0x0000000084500000| Untracked 
|  30|0x0000000084600000, 0x0000000084600000, 0x0000000084700000|  0%| F|  |TAMS 0x0000000084600000, 0x0000000084600000| Untracked 
|  31|0x0000000084700000, 0x0000000084700000, 0x0000000084800000|  0%| F|  |TAMS 0x0000000084700000, 0x0000000084700000| Untracked 
|  32|0x0000000084800000, 0x0000000084800000, 0x0000000084900000|  0%| F|  |TAMS 0x0000000084800000, 0x0000000084800000| Untracked 
|  33|0x0000000084900000, 0x0000000084900000, 0x0000000084a00000|  0%| F|  |TAMS 0x0000000084900000, 0x0000000084900000| Untracked 
|  34|0x0000000084a00000, 0x0000000084a00000, 0x0000000084b00000|  0%| F|  |TAMS 0x0000000084a00000, 0x0000000084a00000| Untracked 
|  35|0x0000000084b00000, 0x0000000084b00000, 0x0000000084c00000|  0%| F|  |TAMS 0x0000000084b00000, 0x0000000084b00000| Untracked 
|  36|0x0000000084c00000, 0x0000000084c00000, 0x0000000084d00000|  0%| F|  |TAMS 0x0000000084c00000, 0x0000000084c00000| Untracked 
|  37|0x0000000084d00000, 0x0000000084d00000, 0x0000000084e00000|  0%| F|  |TAMS 0x0000000084d00000, 0x0000000084d00000| Untracked 
|  38|0x0000000084e00000, 0x0000000084e00000, 0x0000000084f00000|  0%| F|  |TAMS 0x0000000084e00000, 0x0000000084e00000| Untracked 
|  39|0x0000000084f00000, 0x0000000084f00000, 0x0000000085000000|  0%| F|  |TAMS 0x0000000084f00000, 0x0000000084f00000| Untracked 
|  40|0x0000000085000000, 0x0000000085000000, 0x0000000085100000|  0%| F|  |TAMS 0x0000000085000000, 0x0000000085000000| Untracked 
|  41|0x0000000085100000, 0x0000000085100000, 0x0000000085200000|  0%| F|  |TAMS 0x0000000085100000, 0x0000000085100000| Untracked 
|  42|0x0000000085200000, 0x0000000085200000, 0x0000000085300000|  0%| F|  |TAMS 0x0000000085200000, 0x0000000085200000| Untracked 
|  43|0x0000000085300000, 0x0000000085300000, 0x0000000085400000|  0%| F|  |TAMS 0x0000000085300000, 0x0000000085300000| Untracked 
|  44|0x0000000085400000, 0x0000000085400000, 0x0000000085500000|  0%| F|  |TAMS 0x0000000085400000, 0x0000000085400000| Untracked 
|  45|0x0000000085500000, 0x0000000085500000, 0x0000000085600000|  0%| F|  |TAMS 0x0000000085500000, 0x0000000085500000| Untracked 
|  46|0x0000000085600000, 0x0000000085600000, 0x0000000085700000|  0%| F|  |TAMS 0x0000000085600000, 0x0000000085600000| Untracked 
|  47|0x0000000085700000, 0x0000000085700000, 0x0000000085800000|  0%| F|  |TAMS 0x0000000085700000, 0x0000000085700000| Untracked 
|  48|0x0000000085800000, 0x0000000085800000, 0x0000000085900000|  0%| F|  |TAMS 0x0000000085800000, 0x0000000085800000| Untracked 
|  49|0x0000000085900000, 0x0000000085900000, 0x0000000085a00000|  0%| F|  |TAMS 0x0000000085900000, 0x0000000085900000| Untracked 
|  50|0x0000000085a00000, 0x0000000085a00000, 0x0000000085b00000|  0%| F|  |TAMS 0x0000000085a00000, 0x0000000085a00000| Untracked 
|  51|0x0000000085b00000, 0x0000000085b00000, 0x0000000085c00000|  0%| F|  |TAMS 0x0000000085b00000, 0x0000000085b00000| Untracked 
|  52|0x0000000085c00000, 0x0000000085c00000, 0x0000000085d00000|  0%| F|  |TAMS 0x0000000085c00000, 0x0000000085c00000| Untracked 
|  53|0x0000000085d00000, 0x0000000085d00000, 0x0000000085e00000|  0%| F|  |TAMS 0x0000000085d00000, 0x0000000085d00000| Untracked 
|  54|0x0000000085e00000, 0x0000000085e00000, 0x0000000085f00000|  0%| F|  |TAMS 0x0000000085e00000, 0x0000000085e00000| Untracked 
|  55|0x0000000085f00000, 0x0000000085f00000, 0x0000000086000000|  0%| F|  |TAMS 0x0000000085f00000, 0x0000000085f00000| Untracked 
|  56|0x0000000086000000, 0x0000000086000000, 0x0000000086100000|  0%| F|  |TAMS 0x0000000086000000, 0x0000000086000000| Untracked 
|  57|0x0000000086100000, 0x0000000086100000, 0x0000000086200000|  0%| F|  |TAMS 0x0000000086100000, 0x0000000086100000| Untracked 
|  58|0x0000000086200000, 0x0000000086200000, 0x0000000086300000|  0%| F|  |TAMS 0x0000000086200000, 0x0000000086200000| Untracked 
|  59|0x0000000086300000, 0x0000000086300000, 0x0000000086400000|  0%| F|  |TAMS 0x0000000086300000, 0x0000000086300000| Untracked 
|  60|0x0000000086400000, 0x0000000086400000, 0x0000000086500000|  0%| F|  |TAMS 0x0000000086400000, 0x0000000086400000| Untracked 
|  61|0x0000000086500000, 0x0000000086500000, 0x0000000086600000|  0%| F|  |TAMS 0x0000000086500000, 0x0000000086500000| Untracked 
|  62|0x0000000086600000, 0x0000000086600000, 0x0000000086700000|  0%| F|  |TAMS 0x0000000086600000, 0x0000000086600000| Untracked 
|  63|0x0000000086700000, 0x0000000086700000, 0x0000000086800000|  0%| F|  |TAMS 0x0000000086700000, 0x0000000086700000| Untracked 
|  64|0x0000000086800000, 0x0000000086800000, 0x0000000086900000|  0%| F|  |TAMS 0x0000000086800000, 0x0000000086800000| Untracked 
|  65|0x0000000086900000, 0x0000000086900000, 0x0000000086a00000|  0%| F|  |TAMS 0x0000000086900000, 0x0000000086900000| Untracked 
|  66|0x0000000086a00000, 0x0000000086a00000, 0x0000000086b00000|  0%| F|  |TAMS 0x0000000086a00000, 0x0000000086a00000| Untracked 
|  67|0x0000000086b00000, 0x0000000086b00000, 0x0000000086c00000|  0%| F|  |TAMS 0x0000000086b00000, 0x0000000086b00000| Untracked 
|  68|0x0000000086c00000, 0x0000000086c00000, 0x0000000086d00000|  0%| F|  |TAMS 0x0000000086c00000, 0x0000000086c00000| Untracked 
|  69|0x0000000086d00000, 0x0000000086d00000, 0x0000000086e00000|  0%| F|  |TAMS 0x0000000086d00000, 0x0000000086d00000| Untracked 
|  70|0x0000000086e00000, 0x0000000086e00000, 0x0000000086f00000|  0%| F|  |TAMS 0x0000000086e00000, 0x0000000086e00000| Untracked 
|  71|0x0000000086f00000, 0x0000000086f00000, 0x0000000087000000|  0%| F|  |TAMS 0x0000000086f00000, 0x0000000086f00000| Untracked 
|  72|0x0000000087000000, 0x0000000087000000, 0x0000000087100000|  0%| F|  |TAMS 0x0000000087000000, 0x0000000087000000| Untracked 
|  73|0x0000000087100000, 0x0000000087100000, 0x0000000087200000|  0%| F|  |TAMS 0x0000000087100000, 0x0000000087100000| Untracked 
|  74|0x0000000087200000, 0x0000000087200000, 0x0000000087300000|  0%| F|  |TAMS 0x0000000087200000, 0x0000000087200000| Untracked 
|  75|0x0000000087300000, 0x0000000087300000, 0x0000000087400000|  0%| F|  |TAMS 0x0000000087300000, 0x0000000087300000| Untracked 
|  76|0x0000000087400000, 0x0000000087400000, 0x0000000087500000|  0%| F|  |TAMS 0x0000000087400000, 0x0000000087400000| Untracked 
|  77|0x0000000087500000, 0x0000000087500000, 0x0000000087600000|  0%| F|  |TAMS 0x0000000087500000, 0x0000000087500000| Untracked 
|  78|0x0000000087600000, 0x0000000087600000, 0x0000000087700000|  0%| F|  |TAMS 0x0000000087600000, 0x0000000087600000| Untracked 
|  79|0x0000000087700000, 0x0000000087700000, 0x0000000087800000|  0%| F|  |TAMS 0x0000000087700000, 0x0000000087700000| Untracked 
|  80|0x0000000087800000, 0x0000000087800000, 0x0000000087900000|  0%| F|  |TAMS 0x0000000087800000, 0x0000000087800000| Untracked 
|  81|0x0000000087900000, 0x0000000087900000, 0x0000000087a00000|  0%| F|  |TAMS 0x0000000087900000, 0x0000000087900000| Untracked 
|  82|0x0000000087a00000, 0x0000000087a00000, 0x0000000087b00000|  0%| F|  |TAMS 0x0000000087a00000, 0x0000000087a00000| Untracked 
|  83|0x0000000087b00000, 0x0000000087b00000, 0x0000000087c00000|  0%| F|  |TAMS 0x0000000087b00000, 0x0000000087b00000| Untracked 
|  84|0x0000000087c00000, 0x0000000087c00000, 0x0000000087d00000|  0%| F|  |TAMS 0x0000000087c00000, 0x0000000087c00000| Untracked 
|  85|0x0000000087d00000, 0x0000000087d00000, 0x0000000087e00000|  0%| F|  |TAMS 0x0000000087d00000, 0x0000000087d00000| Untracked 
|  86|0x0000000087e00000, 0x0000000087e00000, 0x0000000087f00000|  0%| F|  |TAMS 0x0000000087e00000, 0x0000000087e00000| Untracked 
|  87|0x0000000087f00000, 0x0000000087f00000, 0x0000000088000000|  0%| F|  |TAMS 0x0000000087f00000, 0x0000000087f00000| Untracked 
|  88|0x0000000088000000, 0x0000000088000000, 0x0000000088100000|  0%| F|  |TAMS 0x0000000088000000, 0x0000000088000000| Untracked 
|  89|0x0000000088100000, 0x0000000088100000, 0x0000000088200000|  0%| F|  |TAMS 0x0000000088100000, 0x0000000088100000| Untracked 
|  90|0x0000000088200000, 0x0000000088200000, 0x0000000088300000|  0%| F|  |TAMS 0x0000000088200000, 0x0000000088200000| Untracked 
|  91|0x0000000088300000, 0x0000000088300000, 0x0000000088400000|  0%| F|  |TAMS 0x0000000088300000, 0x0000000088300000| Untracked 
|  92|0x0000000088400000, 0x0000000088400000, 0x0000000088500000|  0%| F|  |TAMS 0x0000000088400000, 0x0000000088400000| Untracked 
|  93|0x0000000088500000, 0x0000000088500000, 0x0000000088600000|  0%| F|  |TAMS 0x0000000088500000, 0x0000000088500000| Untracked 
|  94|0x0000000088600000, 0x0000000088600000, 0x0000000088700000|  0%| F|  |TAMS 0x0000000088600000, 0x0000000088600000| Untracked 
|  95|0x0000000088700000, 0x0000000088700000, 0x0000000088800000|  0%| F|  |TAMS 0x0000000088700000, 0x0000000088700000| Untracked 
|  96|0x0000000088800000, 0x0000000088800000, 0x0000000088900000|  0%| F|  |TAMS 0x0000000088800000, 0x0000000088800000| Untracked 
|  97|0x0000000088900000, 0x0000000088900000, 0x0000000088a00000|  0%| F|  |TAMS 0x0000000088900000, 0x0000000088900000| Untracked 
|  98|0x0000000088a00000, 0x0000000088a00000, 0x0000000088b00000|  0%| F|  |TAMS 0x0000000088a00000, 0x0000000088a00000| Untracked 
|  99|0x0000000088b00000, 0x0000000088b00000, 0x0000000088c00000|  0%| F|  |TAMS 0x0000000088b00000, 0x0000000088b00000| Untracked 
| 100|0x0000000088c00000, 0x0000000088c00000, 0x0000000088d00000|  0%| F|  |TAMS 0x0000000088c00000, 0x0000000088c00000| Untracked 
| 101|0x0000000088d00000, 0x0000000088d00000, 0x0000000088e00000|  0%| F|  |TAMS 0x0000000088d00000, 0x0000000088d00000| Untracked 
| 102|0x0000000088e00000, 0x0000000088e00000, 0x0000000088f00000|  0%| F|  |TAMS 0x0000000088e00000, 0x0000000088e00000| Untracked 
| 103|0x0000000088f00000, 0x0000000088f00000, 0x0000000089000000|  0%| F|  |TAMS 0x0000000088f00000, 0x0000000088f00000| Untracked 
| 104|0x0000000089000000, 0x0000000089000000, 0x0000000089100000|  0%| F|  |TAMS 0x0000000089000000, 0x0000000089000000| Untracked 
| 105|0x0000000089100000, 0x0000000089100000, 0x0000000089200000|  0%| F|  |TAMS 0x0000000089100000, 0x0000000089100000| Untracked 
| 106|0x0000000089200000, 0x0000000089200000, 0x0000000089300000|  0%| F|  |TAMS 0x0000000089200000, 0x0000000089200000| Untracked 
| 107|0x0000000089300000, 0x00000000893ed298, 0x0000000089400000| 92%| E|  |TAMS 0x0000000089300000, 0x0000000089300000| Complete 
| 108|0x0000000089400000, 0x0000000089500000, 0x0000000089500000|100%| E|CS|TAMS 0x0000000089400000, 0x0000000089400000| Complete 
| 109|0x0000000089500000, 0x0000000089600000, 0x0000000089600000|100%| E|CS|TAMS 0x0000000089500000, 0x0000000089500000| Complete 
| 110|0x0000000089600000, 0x0000000089700000, 0x0000000089700000|100%| E|CS|TAMS 0x0000000089600000, 0x0000000089600000| Complete 
| 111|0x0000000089700000, 0x0000000089800000, 0x0000000089800000|100%| E|CS|TAMS 0x0000000089700000, 0x0000000089700000| Complete 
| 112|0x0000000089800000, 0x0000000089900000, 0x0000000089900000|100%| E|CS|TAMS 0x0000000089800000, 0x0000000089800000| Complete 
| 113|0x0000000089900000, 0x0000000089a00000, 0x0000000089a00000|100%| E|CS|TAMS 0x0000000089900000, 0x0000000089900000| Complete 
| 114|0x0000000089a00000, 0x0000000089b00000, 0x0000000089b00000|100%| E|CS|TAMS 0x0000000089a00000, 0x0000000089a00000| Complete 
| 115|0x0000000089b00000, 0x0000000089c00000, 0x0000000089c00000|100%| E|CS|TAMS 0x0000000089b00000, 0x0000000089b00000| Complete 
| 116|0x0000000089c00000, 0x0000000089d00000, 0x0000000089d00000|100%| E|CS|TAMS 0x0000000089c00000, 0x0000000089c00000| Complete 
| 117|0x0000000089d00000, 0x0000000089e00000, 0x0000000089e00000|100%| E|CS|TAMS 0x0000000089d00000, 0x0000000089d00000| Complete 
| 118|0x0000000089e00000, 0x0000000089f00000, 0x0000000089f00000|100%| E|CS|TAMS 0x0000000089e00000, 0x0000000089e00000| Complete 
| 119|0x0000000089f00000, 0x000000008a000000, 0x000000008a000000|100%| E|CS|TAMS 0x0000000089f00000, 0x0000000089f00000| Complete 
| 120|0x000000008a000000, 0x000000008a100000, 0x000000008a100000|100%| E|CS|TAMS 0x000000008a000000, 0x000000008a000000| Complete 
| 121|0x000000008a100000, 0x000000008a200000, 0x000000008a200000|100%| E|CS|TAMS 0x000000008a100000, 0x000000008a100000| Complete 
| 122|0x000000008a200000, 0x000000008a300000, 0x000000008a300000|100%| E|CS|TAMS 0x000000008a200000, 0x000000008a200000| Complete 
| 123|0x000000008a300000, 0x000000008a400000, 0x000000008a400000|100%| E|CS|TAMS 0x000000008a300000, 0x000000008a300000| Complete 
| 124|0x000000008a400000, 0x000000008a500000, 0x000000008a500000|100%| E|  |TAMS 0x000000008a400000, 0x000000008a400000| Complete 
| 125|0x000000008a500000, 0x000000008a600000, 0x000000008a600000|100%| E|CS|TAMS 0x000000008a500000, 0x000000008a500000| Complete 

Card table byte_map: [0x0000024e73970000,0x0000024e73d60000] _byte_map_base: 0x0000024e7355c000

Marking Bits (Prev, Next): (CMBitMap*) 0x0000024e5c055780, (CMBitMap*) 0x0000024e5c0557c0
 Prev Bits: [0x0000024e74150000, 0x0000024e760b0000)
 Next Bits: [0x0000024e760b0000, 0x0000024e78010000)

Polling page: 0x0000024e59fb0000

Metaspace:

Usage:
  Non-class:      5.53 MB capacity,     5.38 MB ( 97%) used,   144.45 KB (  3%) free+waste,     4.94 KB ( <1%) overhead. 
      Class:    618.00 KB capacity,   581.07 KB ( 94%) used,    34.55 KB (  6%) free+waste,     2.38 KB ( <1%) overhead. 
       Both:      6.13 MB capacity,     5.95 MB ( 97%) used,   179.01 KB (  3%) free+waste,     7.31 KB ( <1%) overhead. 

Virtual space:
  Non-class space:        8.00 MB reserved,       5.75 MB ( 72%) committed 
      Class space:        1.00 GB reserved,     640.00 KB ( <1%) committed 
             Both:        1.01 GB reserved,       6.38 MB ( <1%) committed 

Chunk freelists:
   Non-Class:  34.00 KB
       Class:  22.00 KB
        Both:  56.00 KB

MaxMetaspaceSize: 17179869184.00 GB
CompressedClassSpaceSize: 1.00 GB

CodeHeap 'non-profiled nmethods': size=120000Kb used=472Kb max_used=472Kb free=119527Kb
 bounds [0x0000024e6bd20000, 0x0000024e6bf90000, 0x0000024e73250000]
CodeHeap 'profiled nmethods': size=120000Kb used=1844Kb max_used=1844Kb free=118155Kb
 bounds [0x0000024e647f0000, 0x0000024e64a60000, 0x0000024e6bd20000]
CodeHeap 'non-nmethods': size=5760Kb used=1267Kb max_used=1314Kb free=4492Kb
 bounds [0x0000024e64250000, 0x0000024e644c0000, 0x0000024e647f0000]
 total_blobs=1454 nmethods=1011 adapters=356
 compilation: enabled
              stopped_count=0, restarted_count=0
 full_count=0

Compilation events (20 events):
Event: 8.628 Thread 0x0000024e7aa8f620 nmethod 1013 0x0000024e649b5710 code [0x0000024e649b58c0, 0x0000024e649b5ba8]
Event: 8.628 Thread 0x0000024e7aa8f620 1015       3       java.io.BufferedWriter::min (9 bytes)
Event: 8.628 Thread 0x0000024e7aa8f620 nmethod 1015 0x0000024e649b5d10 code [0x0000024e649b5ea0, 0x0000024e649b5ff8]
Event: 8.628 Thread 0x0000024e7aa8f620 1017       3       java.nio.CharBuffer::limit (8 bytes)
Event: 8.628 Thread 0x0000024e7aa8f620 nmethod 1017 0x0000024e649b6090 code [0x0000024e649b6240, 0x0000024e649b6388]
Event: 8.628 Thread 0x0000024e7aa8f620 1019       3       sun.nio.cs.SingleByte$Encoder::encodeArrayLoop (233 bytes)
Event: 8.630 Thread 0x0000024e7aa8f620 nmethod 1019 0x0000024e649b6410 code [0x0000024e649b6980, 0x0000024e649b9358]
Event: 8.630 Thread 0x0000024e7aa8f620 1021       3       java.util.AbstractCollection::toString (89 bytes)
Event: 8.630 Thread 0x0000024e7aa8f620 nmethod 1021 0x0000024e649ba390 code [0x0000024e649ba660, 0x0000024e649bb3e8]
Event: 8.630 Thread 0x0000024e7aa8f620 1018       3       java.io.OutputStream::flush (1 bytes)
Event: 8.631 Thread 0x0000024e7aa8f620 nmethod 1018 0x0000024e649bb810 code [0x0000024e649bb9a0, 0x0000024e649bba98]
Event: 8.631 Thread 0x0000024e7aa8f620 1022       3       java.nio.ByteBuffer::array (35 bytes)
Event: 8.631 Thread 0x0000024e7aa8f620 nmethod 1022 0x0000024e649bbb10 code [0x0000024e649bbce0, 0x0000024e649bbfb8]
Event: 8.631 Thread 0x0000024e7aa8f620 1023       3       java.io.PrintStream::ensureOpen (18 bytes)
Event: 8.631 Thread 0x0000024e7aa8f620 nmethod 1023 0x0000024e649bc110 code [0x0000024e649bc2c0, 0x0000024e649bc4e8]
Event: 8.631 Thread 0x0000024e7aa8f620 1024  s    3       java.io.BufferedOutputStream::flush (12 bytes)
Event: 8.631 Thread 0x0000024e7aa8f620 nmethod 1024 0x0000024e649bc610 code [0x0000024e649bc7e0, 0x0000024e649bcbf8]
Event: 8.631 Thread 0x0000024e7aa8f620 1020       3       java.nio.ByteBuffer::position (6 bytes)
Event: 8.631 Thread 0x0000024e7aa8f620 nmethod 1020 0x0000024e649bcd10 code [0x0000024e649bcec0, 0x0000024e649bd0a8]
Event: 8.634 Thread 0x0000024e7aa8af70 nmethod 1016% 0x0000024e6bd95510 code [0x0000024e6bd956a0, 0x0000024e6bd95c38]

GC Heap History (0 events):
No events

Deoptimization events (20 events):
Event: 0.904 Thread 0x0000024e5c01b780 DEOPT PACKING pc=0x0000024e64918ca9 sp=0x000000a6f76fea90
Event: 0.904 Thread 0x0000024e5c01b780 DEOPT UNPACKING pc=0x0000024e6429e23f sp=0x000000a6f76fdf68 mode 0
Event: 0.905 Thread 0x0000024e5c01b780 DEOPT PACKING pc=0x0000024e64918bf4 sp=0x000000a6f76fea70
Event: 0.905 Thread 0x0000024e5c01b780 DEOPT UNPACKING pc=0x0000024e6429e23f sp=0x000000a6f76fdf40 mode 0
Event: 0.906 Thread 0x0000024e5c01b780 DEOPT PACKING pc=0x0000024e64918ca9 sp=0x000000a6f76fea70
Event: 0.906 Thread 0x0000024e5c01b780 DEOPT UNPACKING pc=0x0000024e6429e23f sp=0x000000a6f76fdf48 mode 0
Event: 0.908 Thread 0x0000024e5c01b780 DEOPT PACKING pc=0x0000024e649135e6 sp=0x000000a6f76fed00
Event: 0.908 Thread 0x0000024e5c01b780 DEOPT UNPACKING pc=0x0000024e6429e23f sp=0x000000a6f76fe1e8 mode 0
Event: 0.912 Thread 0x0000024e5c01b780 Uncommon trap: trap_request=0xffffffde fr.pc=0x0000024e6bd5562c relative=0x000000000000008c
Event: 0.912 Thread 0x0000024e5c01b780 Uncommon trap: reason=class_check action=maybe_recompile pc=0x0000024e6bd5562c method=com.sun.org.apache.xerces.internal.impl.XMLDocumentScannerImpl.next()I @ 4 c2
Event: 0.912 Thread 0x0000024e5c01b780 DEOPT PACKING pc=0x0000024e6bd5562c sp=0x000000a6f76fecd0
Event: 0.912 Thread 0x0000024e5c01b780 DEOPT UNPACKING pc=0x0000024e6429e42f sp=0x000000a6f76fec68 mode 2
Event: 0.913 Thread 0x0000024e5c01b780 Uncommon trap: trap_request=0xffffff45 fr.pc=0x0000024e6bd5e40c relative=0x00000000000005cc
Event: 0.913 Thread 0x0000024e5c01b780 Uncommon trap: reason=unstable_if action=reinterpret pc=0x0000024e6bd5e40c method=com.sun.org.apache.xerces.internal.impl.io.UTF8Reader.read([CII)I @ 75 c2
Event: 0.913 Thread 0x0000024e5c01b780 DEOPT PACKING pc=0x0000024e6bd5e40c sp=0x000000a6f76fea80
Event: 0.913 Thread 0x0000024e5c01b780 DEOPT UNPACKING pc=0x0000024e6429e42f sp=0x000000a6f76fe9c0 mode 2
Event: 0.914 Thread 0x0000024e5c01b780 DEOPT PACKING pc=0x0000024e648d37d4 sp=0x000000a6f76feba0
Event: 0.914 Thread 0x0000024e5c01b780 DEOPT UNPACKING pc=0x0000024e6429e23f sp=0x000000a6f76fe070 mode 1
Event: 1.033 Thread 0x0000024e5c01b780 DEOPT PACKING pc=0x0000024e64868873 sp=0x000000a6f76fd600
Event: 1.033 Thread 0x0000024e5c01b780 DEOPT UNPACKING pc=0x0000024e6429e23f sp=0x000000a6f76fca88 mode 0

Classes unloaded (0 events):
No events

Classes redefined (4 events):
Event: 331.390 Thread 0x0000024e7aa63e00 redefined class name=mrX_maven_run.Hunt, count=1
Event: 347.461 Thread 0x0000024e7aa63e00 redefined class name=mrX_maven_run.Hunt, count=2
Event: 433.435 Thread 0x0000024e7aa63e00 redefined class name=mrX_maven_run.Hunt, count=3
Event: 445.647 Thread 0x0000024e7aa63e00 redefined class name=mrX_maven_run.Hunt, count=4

Internal exceptions (4 events):
Event: 0.419 Thread 0x0000024e5c01b780 Exception <a 'java/lang/NoSuchMethodError'{0x000000008a3955f0}: 'void java.lang.invoke.DirectMethodHandle$Holder.invokeStatic(java.lang.Object, java.lang.Object)'> (0x000000008a3955f0) 
thrown [./open/src/hotspot/share/interpreter/linkResolver.cpp, line 782]
Event: 0.419 Thread 0x0000024e5c01b780 Exception <a 'java/lang/NoSuchMethodError'{0x000000008a399298}: 'void java.lang.invoke.DirectMethodHandle$Holder.invokeStaticInit(java.lang.Object, java.lang.Object)'> (0x000000008a399298) 
thrown [./open/src/hotspot/share/interpreter/linkResolver.cpp, line 782]
Event: 0.539 Thread 0x0000024e5c01b780 Exception <a 'java/lang/NoSuchMethodError'{0x000000008a135d40}: 'java.lang.Object java.lang.invoke.DirectMethodHandle$Holder.invokeStatic(java.lang.Object)'> (0x000000008a135d40) 
thrown [./open/src/hotspot/share/interpreter/linkResolver.cpp, line 782]
Event: 0.693 Thread 0x0000024e5c01b780 Exception <a 'java/lang/NoSuchMethodError'{0x0000000089e07050}: 'void java.lang.invoke.DirectMethodHandle$Holder.invokeSpecial(java.lang.Object, java.lang.Object, java.lang.Object)'> (0x0000000089e07050) 
thrown [./open/src/hotspot/share/interpreter/linkResolver.cpp, line 782]

Events (20 events):
Event: 433.457 Executing VM operation: GetStackTrace
Event: 433.457 Executing VM operation: GetStackTrace done
Event: 433.464 Executing VM operation: GetFrameCount
Event: 433.465 Executing VM operation: GetFrameCount done
Event: 445.646 Executing VM operation: RedefineClasses
Event: 445.650 Executing VM operation: RedefineClasses done
Event: 445.657 Executing VM operation: ChangeBreakpoints
Event: 445.657 Executing VM operation: ChangeBreakpoints done
Event: 445.658 Executing VM operation: ChangeBreakpoints
Event: 445.658 Executing VM operation: ChangeBreakpoints done
Event: 445.666 Executing VM operation: ChangeBreakpoints
Event: 445.666 Executing VM operation: ChangeBreakpoints done
Event: 445.666 Executing VM operation: ChangeBreakpoints
Event: 445.667 Executing VM operation: ChangeBreakpoints done
Event: 445.669 Executing VM operation: GetFrameCount
Event: 445.669 Executing VM operation: GetFrameCount done
Event: 445.669 Executing VM operation: GetStackTrace
Event: 445.669 Executing VM operation: GetStackTrace done
Event: 445.677 Executing VM operation: GetFrameCount
Event: 445.677 Executing VM operation: GetFrameCount done


Dynamic libraries:
0x00007ff623f80000 - 0x00007ff623f8f000 	C:\Program Files\Java\jdk-15.0.1\bin\javaw.exe
0x00007ffae2cb0000 - 0x00007ffae2ea5000 	C:\WINDOWS\SYSTEM32\ntdll.dll
0x00007ffae2010000 - 0x00007ffae20cd000 	C:\WINDOWS\System32\KERNEL32.DLL
0x00007ffae06a0000 - 0x00007ffae0969000 	C:\WINDOWS\System32\KERNELBASE.dll
0x00007ffae0a00000 - 0x00007ffae0b00000 	C:\WINDOWS\System32\ucrtbase.dll
0x00007ffad4080000 - 0x00007ffad4098000 	C:\Program Files\Java\jdk-15.0.1\bin\jli.dll
0x00007ffad40c0000 - 0x00007ffad40d9000 	C:\Program Files\Java\jdk-15.0.1\bin\VCRUNTIME140.dll
0x00007ffae2100000 - 0x00007ffae21ac000 	C:\WINDOWS\System32\ADVAPI32.dll
0x00007ffae12f0000 - 0x00007ffae138e000 	C:\WINDOWS\System32\msvcrt.dll
0x00007ffae2a90000 - 0x00007ffae2b2b000 	C:\WINDOWS\System32\sechost.dll
0x00007ffae2430000 - 0x00007ffae255a000 	C:\WINDOWS\System32\RPCRT4.dll
0x00007ffae21d0000 - 0x00007ffae2370000 	C:\WINDOWS\System32\USER32.dll
0x00007ffae09d0000 - 0x00007ffae09f2000 	C:\WINDOWS\System32\win32u.dll
0x00007ffac89d0000 - 0x00007ffac8c6a000 	C:\WINDOWS\WinSxS\amd64_microsoft.windows.common-controls_6595b64144ccf1df_6.0.19041.1110_none_60b5254171f9507e\COMCTL32.dll
0x00007ffae20d0000 - 0x00007ffae20fa000 	C:\WINDOWS\System32\GDI32.dll
0x00007ffae0540000 - 0x00007ffae064b000 	C:\WINDOWS\System32\gdi32full.dll
0x00007ffae03f0000 - 0x00007ffae048d000 	C:\WINDOWS\System32\msvcp_win.dll
0x00007ffad1850000 - 0x00007ffad185a000 	C:\WINDOWS\SYSTEM32\VERSION.dll
0x00007ffae2a60000 - 0x00007ffae2a90000 	C:\WINDOWS\System32\IMM32.DLL
0x00007ffad7280000 - 0x00007ffad728c000 	C:\Program Files\Java\jdk-15.0.1\bin\vcruntime140_1.dll
0x00007ffac9bf0000 - 0x00007ffac9c81000 	C:\Program Files\Java\jdk-15.0.1\bin\msvcp140.dll
0x00007ffa7f9a0000 - 0x00007ffa804fe000 	C:\Program Files\Java\jdk-15.0.1\bin\server\jvm.dll
0x00007ffae21c0000 - 0x00007ffae21c8000 	C:\WINDOWS\System32\PSAPI.DLL
0x00007ffad4660000 - 0x00007ffad4669000 	C:\WINDOWS\SYSTEM32\WSOCK32.dll
0x00007ffae1390000 - 0x00007ffae13fb000 	C:\WINDOWS\System32\WS2_32.dll
0x00007ffac1a80000 - 0x00007ffac1aa7000 	C:\WINDOWS\SYSTEM32\WINMM.dll
0x00007ffadec70000 - 0x00007ffadec82000 	C:\WINDOWS\SYSTEM32\kernel.appcore.dll
0x00007ffad4610000 - 0x00007ffad461a000 	C:\Program Files\Java\jdk-15.0.1\bin\jimage.dll
0x00007ffadab50000 - 0x00007ffadad34000 	C:\WINDOWS\SYSTEM32\DBGHELP.DLL
0x00007ffac0bd0000 - 0x00007ffac0bfc000 	C:\WINDOWS\SYSTEM32\dbgcore.DLL
0x00007ffae0b30000 - 0x00007ffae0bb3000 	C:\WINDOWS\System32\bcryptPrimitives.dll
0x00007ffac97f0000 - 0x00007ffac9829000 	C:\Program Files\Java\jdk-15.0.1\bin\jdwp.dll
0x00007ffad72d0000 - 0x00007ffad72de000 	C:\Program Files\Java\jdk-15.0.1\bin\instrument.dll
0x00007ffacdf30000 - 0x00007ffacdf55000 	C:\Program Files\Java\jdk-15.0.1\bin\java.dll
0x00007ffae1400000 - 0x00007ffae1b3f000 	C:\WINDOWS\System32\SHELL32.dll
0x00007ffadb440000 - 0x00007ffadbbd1000 	C:\WINDOWS\SYSTEM32\windows.storage.dll
0x00007ffae2700000 - 0x00007ffae2a55000 	C:\WINDOWS\System32\combase.dll
0x00007ffadfe60000 - 0x00007ffadfe8c000 	C:\WINDOWS\SYSTEM32\Wldp.dll
0x00007ffae2380000 - 0x00007ffae242e000 	C:\WINDOWS\System32\SHCORE.dll
0x00007ffae2c10000 - 0x00007ffae2c65000 	C:\WINDOWS\System32\shlwapi.dll
0x00007ffae0330000 - 0x00007ffae034f000 	C:\WINDOWS\SYSTEM32\profapi.dll
0x00007ffad5020000 - 0x00007ffad502b000 	C:\Program Files\Java\jdk-15.0.1\bin\dt_socket.dll
0x00007ffadf830000 - 0x00007ffadf86b000 	C:\WINDOWS\SYSTEM32\IPHLPAPI.DLL
0x00007ffadfba0000 - 0x00007ffadfc0a000 	C:\WINDOWS\system32\mswsock.dll
0x00007ffadf880000 - 0x00007ffadf94c000 	C:\WINDOWS\SYSTEM32\DNSAPI.dll
0x00007ffae21b0000 - 0x00007ffae21b8000 	C:\WINDOWS\System32\NSI.dll
0x0000000073f90000 - 0x0000000073fc5000 	C:\Program Files\Bonjour\mdnsNSP.dll
0x00007ffad2f90000 - 0x00007ffad2f9a000 	C:\Windows\System32\rasadhlp.dll
0x00007ffad2460000 - 0x00007ffad24df000 	C:\WINDOWS\System32\fwpuclnt.dll
0x00007ffae0b00000 - 0x00007ffae0b27000 	C:\WINDOWS\System32\bcrypt.dll
0x00007ffacdb40000 - 0x00007ffacdb58000 	C:\Program Files\Java\jdk-15.0.1\bin\zip.dll
0x00007ffad4060000 - 0x00007ffad4079000 	C:\Program Files\Java\jdk-15.0.1\bin\net.dll
0x00007ffad6400000 - 0x00007ffad650a000 	C:\WINDOWS\SYSTEM32\WINHTTP.dll
0x00007ffacdf10000 - 0x00007ffacdf22000 	C:\Program Files\Java\jdk-15.0.1\bin\nio.dll
0x00007ffad3600000 - 0x00007ffad3610000 	C:\Program Files\Java\jdk-15.0.1\bin\verify.dll

dbghelp: loaded successfully - version: 4.0.5 - missing functions: none
symbol engine: initialized successfully - sym options: 0x614 - pdb path: .;C:\Program Files\Java\jdk-15.0.1\bin;C:\WINDOWS\SYSTEM32;C:\WINDOWS\WinSxS\amd64_microsoft.windows.common-controls_6595b64144ccf1df_6.0.19041.1110_none_60b5254171f9507e;C:\Program Files\Java\jdk-15.0.1\bin\server;C:\Program Files\Bonjour

VM Arguments:
jvm_args: -XX:+ShowCodeDetailsInExceptionMessages -agentlib:jdwp=transport=dt_socket,suspend=y,address=localhost:64315 -javaagent:C:\Users\aljaz\eclipse\java-2020-09\eclipse\configuration\org.eclipse.osgi\1087\0\.cp\lib\javaagent-shaded.jar -Dfile.encoding=Cp1252 
java_command: mrX_maven_run.Hunt
java_class_path (initial): C:\Users\aljaz\git\mrX_maven\target\classes;C:\Users\aljaz\.m2\repository\com\google\code\gson\gson\2.8.7\gson-2.8.7.jar;C:\Users\aljaz\.m2\repository\com\google\guava\guava\30.1.1-jre\guava-30.1.1-jre.jar;C:\Users\aljaz\.m2\repository\com\google\guava\failureaccess\1.0.1\failureaccess-1.0.1.jar;C:\Users\aljaz\.m2\repository\com\google\guava\listenablefuture\9999.0-empty-to-avoid-conflict-with-guava\listenablefuture-9999.0-empty-to-avoid-conflict-with-guava.jar;C:\Users\aljaz\.m2\repository\com\google\code\findbugs\jsr305\3.0.2\jsr305-3.0.2.jar;C:\Users\aljaz\.m2\repository\org\checkerframework\checker-qual\3.8.0\checker-qual-3.8.0.jar;C:\Users\aljaz\.m2\repository\com\google\errorprone\error_prone_annotations\2.5.1\error_prone_annotations-2.5.1.jar;C:\Users\aljaz\.m2\repository\com\google\j2objc\j2objc-annotations\1.3\j2objc-annotations-1.3.jar;C:\Users\aljaz\.m2\repository\io\github\kostaskougios\cloning\1.10.3\cloning-1.10.3.jar;C:\Users\aljaz\.m2\repository\org\objenesis\objenesis\3.0.1\objenesis-3.0.1.jar
Launcher Type: SUN_STANDARD

[Global flags]
     intx CICompilerCount                          = 4                                         {product} {ergonomic}
     uint ConcGCThreads                            = 2                                         {product} {ergonomic}
     uint G1ConcRefinementThreads                  = 8                                         {product} {ergonomic}
   size_t G1HeapRegionSize                         = 1048576                                   {product} {ergonomic}
    uintx GCDrainStackTargetSize                   = 64                                        {product} {ergonomic}
   size_t InitialHeapSize                          = 132120576                                 {product} {ergonomic}
   size_t MarkStackSize                            = 4194304                                   {product} {ergonomic}
   size_t MaxHeapSize                              = 2105540608                                {product} {ergonomic}
   size_t MaxNewSize                               = 1262485504                                {product} {ergonomic}
   size_t MinHeapDeltaBytes                        = 1048576                                   {product} {ergonomic}
   size_t MinHeapSize                              = 8388608                                   {product} {ergonomic}
    uintx NonNMethodCodeHeapSize                   = 5839372                                {pd product} {ergonomic}
    uintx NonProfiledCodeHeapSize                  = 122909434                              {pd product} {ergonomic}
    uintx ProfiledCodeHeapSize                     = 122909434                              {pd product} {ergonomic}
    uintx ReservedCodeCacheSize                    = 251658240                              {pd product} {ergonomic}
     bool SegmentedCodeCache                       = true                                      {product} {ergonomic}
     bool ShowCodeDetailsInExceptionMessages       = true                                   {manageable} {command line}
   size_t SoftMaxHeapSize                          = 2105540608                             {manageable} {ergonomic}
     bool UseCompressedClassPointers               = true                                 {lp64_product} {ergonomic}
     bool UseCompressedOops                        = true                                 {lp64_product} {ergonomic}
     bool UseG1GC                                  = true                                      {product} {ergonomic}
     bool UseLargePagesIndividualAllocation        = false                                  {pd product} {ergonomic}

Logging:
Log output configuration:
 #0: stdout all=warning uptime,level,tags
 #1: stderr all=off uptime,level,tags

Environment Variables:
JAVA_HOME=C:\Program Files\Java\jdk-15.0.1\
PATH=C:\Program Files (x86)\Common Files\Oracle\Java\javapath;C:\Program Files\Haskell\bin;C:\Program Files\Haskell Platform\8.6.5\lib\extralibs\bin;C:\Program Files\Haskell Platform\8.6.5\bin;C:\WINDOWS\system32;C:\WINDOWS;C:\WINDOWS\System32\Wbem;C:\WINDOWS\System32\WindowsPowerShell\v1.0\;C:\WINDOWS\System32\OpenSSH\;C:\Program Files\Intel\WiFi\bin\;C:\Program Files\Common Files\Intel\WirelessCommon\;C:\Program Files\PuTTY\;C:\Program Files\Haskell Platform\8.6.5\mingw\bin;C:\HashiCorp\Vagrant\bin;C:\Program Files\Git\cmd;C:\Program Files\Java\jdk-15.0.1\bin;C:\Program Files\MiKTeX 2.9\miktex\bin\x64\;C:\Program Files\dotnet\;C:\Program Files\Microsoft SQL Server\130\Tools\Binn\;C:\Program Files\Microsoft SQL Server\Client SDK\ODBC\170\Tools\Binn\;C:\Program Files\Go\bin;C:\Program Files\nodejs\;C:\Program Files\Docker\Docker\resources\bin;C:\ProgramData\DockerDesktop\version-bin;C:\Users\aljaz\.cargo\bin;C:\Users\aljaz\AppData\Roaming\cabal\bin;C:\Users\aljaz\AppData\Roaming\local\bin;C:\Users\aljaz\AppData\Local\Programs\Python\Python37\Scripts\;C:\Users\aljaz\AppData\Local\Programs\Python\Python37\;C:\Users\aljaz\AppData\Local\Microsoft\WindowsApps;C:\Users\aljaz\AppData\Local\GitHubDesktop\bin;C:\Users\aljaz\AppData\Local\Microsoft\WindowsApps;C:\Users\aljaz\.dotnet\tools;C:\Users\aljaz\AppData\Local\Programs\Microsoft VS Code\bin;C:\Program Files\JetBrains\WebStorm 2020.3.1\bin;;C:\Users\aljaz\go\bin;C:\Users\aljaz\AppData\Roaming\npm
USERNAME=aljaz
OS=Windows_NT
PROCESSOR_IDENTIFIER=Intel64 Family 6 Model 142 Stepping 10, GenuineIntel



---------------  S Y S T E M  ---------------

OS:
 Windows 10 , 64 bit Build 19041 (10.0.19041.1023)
OS uptime: 17 days 3:28 hours
HyperV virtualization detected

CPU: total 8 (initial active 8) (4 cores per cpu, 2 threads per core) family 6 model 142 stepping 10 microcode 0xe0, cmov, cx8, fxsr, mmx, sse, sse2, sse3, ssse3, sse4.1, sse4.2, popcnt, vzeroupper, avx, avx2, aes, clmul, erms, 3dnowpref, lzcnt, ht, tsc, tscinvbit, bmi1, bmi2, adx, fma, clflush, clflushopt

Memory: 4k page, system-wide physical 8025M (1936M free)
TotalPageFile size 18265M (AvailPageFile size 5444M)
current process WorkingSet (physical memory assigned to process): 63M, peak: 80M
current process commit charge ("private bytes"): 217M, peak: 238M

vm_info: Java HotSpot(TM) 64-Bit Server VM (15.0.1+9-18) for windows-amd64 JRE (15.0.1+9-18), built on Sep 15 2020 14:43:54 by "mach5one" with unknown MS VC++:1925

END.
